Traceback (most recent call last):
  File "/usr/local/lib/python3.10/dist-packages/jupyter_cache/executors/utils.py", line 58, in single_nb_execution
    executenb(
  File "/usr/local/lib/python3.10/dist-packages/nbclient/client.py", line 1305, in execute
    return NotebookClient(nb=nb, resources=resources, km=km, **kwargs).execute()
  File "/usr/local/lib/python3.10/dist-packages/jupyter_core/utils/__init__.py", line 173, in wrapped
    return loop.run_until_complete(inner)
  File "/usr/lib/python3.10/asyncio/base_events.py", line 649, in run_until_complete
    return future.result()
  File "/usr/local/lib/python3.10/dist-packages/nbclient/client.py", line 705, in async_execute
    await self.async_execute_cell(
  File "/usr/local/lib/python3.10/dist-packages/nbclient/client.py", line 1058, in async_execute_cell
    await self._check_raise_for_error(cell, cell_index, exec_reply)
  File "/usr/local/lib/python3.10/dist-packages/nbclient/client.py", line 914, in _check_raise_for_error
    raise CellExecutionError.from_cell_and_msg(cell, exec_reply_content)
nbclient.exceptions.CellExecutionError: An error occurred while executing the following cell:
------------------
import pandas as pd
import csv

# Gantilah 'path_to_your_file.xlsx' dengan path ke file XLSX yang ingin Anda baca
df = pd.read_csv('https://raw.githubusercontent.com/SalmatulFarida/PPW/gh-pages/Peritungan%20Manual%20PageRank.csv', delimiter=";", encoding=encoding_try)


df_filled = df.fillna('')
df_filled
------------------


[0;31m---------------------------------------------------------------------------[0m
[0;31mNameError[0m                                 Traceback (most recent call last)
[0;32m<ipython-input-1-917ce043f6ce>[0m in [0;36m<cell line: 5>[0;34m()[0m
[1;32m      3[0m [0;34m[0m[0m
[1;32m      4[0m [0;31m# Gantilah 'path_to_your_file.xlsx' dengan path ke file XLSX yang ingin Anda baca[0m[0;34m[0m[0;34m[0m[0m
[0;32m----> 5[0;31m [0mdf[0m [0;34m=[0m [0mpd[0m[0;34m.[0m[0mread_csv[0m[0;34m([0m[0;34m'https://raw.githubusercontent.com/SalmatulFarida/PPW/gh-pages/Peritungan%20Manual%20PageRank.csv'[0m[0;34m,[0m [0mdelimiter[0m[0;34m=[0m[0;34m";"[0m[0;34m,[0m [0mencoding[0m[0;34m=[0m[0mencoding_try[0m[0;34m)[0m[0;34m[0m[0;34m[0m[0m
[0m[1;32m      6[0m [0;34m[0m[0m
[1;32m      7[0m [0;34m[0m[0m

[0;31mNameError[0m: name 'encoding_try' is not defined

